# JRE version: Java(TM) SE Runtime Environment 18.9 (11.0.19+9) (build 11.0.19+9-LTS-224)
# Java VM: Java HotSpot(TM) 64-Bit Server VM 18.9 (11.0.19+9-LTS-224, mixed mode, tiered, compressed oops, g1 gc, windows-amd64)
Heap:
 garbage-first heap   total 260096K, used 32775K [0x0000000702c00000, 0x0000000800000000)
  region size 1024K, 30 young (30720K), 9 survivors (9216K)
 Metaspace       used 26154K, capacity 26771K, committed 27056K, reserved 1073152K
  class space    used 2797K, capacity 3010K, committed 3072K, reserved 1048576K
GC Heap History (6 events):
Event: 0.341 GC heap before
{Heap before GC invocations=0 (full 0):
 garbage-first heap   total 260096K, used 23552K [0x0000000702c00000, 0x0000000800000000)
  region size 1024K, 24 young (24576K), 0 survivors (0K)
 Metaspace       used 12361K, capacity 12596K, committed 12672K, reserved 1060864K
  class space    used 1246K, capacity 1348K, committed 1408K, reserved 1048576K
}
Event: 0.346 GC heap after
{Heap after GC invocations=1 (full 0):
 garbage-first heap   total 260096K, used 3458K [0x0000000702c00000, 0x0000000800000000)
  region size 1024K, 3 young (3072K), 3 survivors (3072K)
 Metaspace       used 12361K, capacity 12596K, committed 12672K, reserved 1060864K
  class space    used 1246K, capacity 1348K, committed 1408K, reserved 1048576K
}
Event: 1.117 GC heap before
{Heap before GC invocations=1 (full 0):
 garbage-first heap   total 260096K, used 83330K [0x0000000702c00000, 0x0000000800000000)
  region size 1024K, 82 young (83968K), 3 survivors (3072K)
 Metaspace       used 20764K, capacity 21123K, committed 21296K, reserved 1069056K
  class space    used 2185K, capacity 2319K, committed 2432K, reserved 1048576K
}
Event: 1.128 GC heap after
{Heap after GC invocations=2 (full 0):
 garbage-first heap   total 260096K, used 8284K [0x0000000702c00000, 0x0000000800000000)
  region size 1024K, 8 young (8192K), 8 survivors (8192K)
 Metaspace       used 20764K, capacity 21123K, committed 21296K, reserved 1069056K
  class space    used 2185K, capacity 2319K, committed 2432K, reserved 1048576K
}
Event: 1.885 GC heap before
{Heap before GC invocations=3 (full 0):
 garbage-first heap   total 260096K, used 95324K [0x0000000702c00000, 0x0000000800000000)
  region size 1024K, 93 young (95232K), 8 survivors (8192K)
 Metaspace       used 24493K, capacity 24983K, committed 25264K, reserved 1071104K
  class space    used 2561K, capacity 2707K, committed 2816K, reserved 1048576K
}
Event: 1.894 GC heap after
{Heap after GC invocations=4 (full 0):
 garbage-first heap   total 260096K, used 12295K [0x0000000702c00000, 0x0000000800000000)
  region size 1024K, 9 young (9216K), 9 survivors (9216K)
 Metaspace       used 24493K, capacity 24983K, committed 25264K, reserved 1071104K
  class space    used 2561K, capacity 2707K, committed 2816K, reserved 1048576K
}

